<?xml version="1.0" encoding="UTF-8"?>
<!-- Generated by org.testng.reporters.JUnitXMLReporter -->
<testsuite hostname="EBI312GFWW" ignored="0" name="Default test(failed)(failed)(failed)(failed)(failed)" tests="1" failures="1" timestamp="08 Nov 2017 18:55:47 GMT" time="246.081" errors="0">
  <testcase name="test" time="235.591" classname="bootstrap.Runner">
    <failure type="cucumber.runtime.CucumberException" message="java.lang.NullPointerException">
      <![CDATA[cucumber.runtime.CucumberException: java.lang.NullPointerException
	at cucumber.api.testng.TestNGCucumberRunner.runCukes(TestNGCucumberRunner.java:57)
	at bootstrap.Runner.test(Runner.java:33)
Caused by: java.lang.NullPointerException
	at core.IElement.getText(IElement.java:191)
	at steps.NewContactSteps.the_Contact_page_of_the_new_user_is_displayed(NewContactSteps.java:77)
	at ✽.Then the Contact page of the new user is displayed(NewContact.feature:15)
... Removed 25 stack frames]]>
    </failure>
  </testcase> <!-- test -->
</testsuite> <!-- Default test(failed)(failed)(failed)(failed)(failed) -->
