<?xml version="1.0" encoding="UTF-8"?>
<!-- Generated by org.testng.reporters.JUnitXMLReporter -->
<testsuite hostname="EBI312GFWW" ignored="0" name="Default test(failed)(failed)" tests="1" failures="1" timestamp="08 Nov 2017 18:35:52 GMT" time="206.129" errors="0">
  <testcase name="test" time="183.771" classname="bootstrap.Runner">
    <failure type="cucumber.runtime.CucumberException" message="java.lang.AssertionError: Contact Name is not disaplyed on Dashboard expected [MAMTA SOMANI] but found [NEW CONTACT]">
      <![CDATA[cucumber.runtime.CucumberException: java.lang.AssertionError: Contact Name is not disaplyed on Dashboard expected [MAMTA SOMANI] but found [NEW CONTACT]
	at cucumber.api.testng.TestNGCucumberRunner.runCukes(TestNGCucumberRunner.java:57)
	at bootstrap.Runner.test(Runner.java:33)
Caused by: java.lang.AssertionError: Contact Name is not disaplyed on Dashboard expected [MAMTA SOMANI] but found [NEW CONTACT]
	at steps.NewContactSteps.the_Contact_page_of_the_new_user_is_displayed(NewContactSteps.java:74)
	at ✽.Then the Contact page of the new user is displayed(NewContact.feature:15)
... Removed 30 stack frames]]>
    </failure>
  </testcase> <!-- test -->
</testsuite> <!-- Default test(failed)(failed) -->
