<?xml version="1.0" encoding="UTF-8"?>
<testng-results skipped="0" failed="0" ignored="0" total="1" passed="1">
  <reporter-output>
  </reporter-output>
  <suite name="Default suite" duration-ms="275489" started-at="2017-11-13T10:44:28Z" finished-at="2017-11-13T10:49:04Z">
    <groups>
    </groups>
    <test name="Default test" duration-ms="275489" started-at="2017-11-13T10:44:28Z" finished-at="2017-11-13T10:49:04Z">
      <class name="runner.Runner">
        <test-method status="PASS" signature="beforeTest()[pri:0, instance:runner.Runner@598067a5]" name="beforeTest" is-config="true" duration-ms="942" started-at="2017-11-13T16:14:28Z" finished-at="2017-11-13T16:14:29Z">
          <reporter-output>
          </reporter-output>
        </test-method> <!-- beforeTest -->
        <test-method status="PASS" signature="test()[pri:0, instance:runner.Runner@598067a5]" name="test" duration-ms="270618" started-at="2017-11-13T16:14:29Z" finished-at="2017-11-13T16:19:00Z">
          <reporter-output>
          </reporter-output>
        </test-method> <!-- test -->
        <test-method status="PASS" signature="afterTest()[pri:0, instance:runner.Runner@598067a5]" name="afterTest" is-config="true" duration-ms="3907" started-at="2017-11-13T16:19:00Z" finished-at="2017-11-13T16:19:04Z">
          <reporter-output>
          </reporter-output>
        </test-method> <!-- afterTest -->
      </class> <!-- runner.Runner -->
    </test> <!-- Default test -->
  </suite> <!-- Default suite -->
</testng-results>
